<?xml version="1.0" encoding="UTF-8"?>
<testsuite xmlns:xsi="http://www.w3.org/2001/XMLSchema-instance" xsi:noNamespaceSchemaLocation="https://maven.apache.org/surefire/maven-surefire-plugin/xsd/surefire-test-report.xsd" name="UnitTest" time="2.167" tests="3" errors="0" skipped="0" failures="0">
  <properties>
    <property name="sun.desktop" value="windows"/>
    <property name="awt.toolkit" value="sun.awt.windows.WToolkit"/>
    <property name="file.encoding.pkg" value="sun.io"/>
    <property name="java.specification.version" value="1.8"/>
    <property name="sun.cpu.isalist" value="amd64"/>
    <property name="sun.jnu.encoding" value="GBK"/>
    <property name="java.class.path" value="E:\myblog\MyBlog\target\test-classes;E:\myblog\MyBlog\target\classes;E:\javafile\maven\resposity\junit\junit\4.12\junit-4.12.jar;E:\javafile\maven\resposity\org\hamcrest\hamcrest-core\1.3\hamcrest-core-1.3.jar;E:\javafile\maven\resposity\org\springframework\spring-test\5.2.3.RELEASE\spring-test-5.2.3.RELEASE.jar;E:\javafile\maven\resposity\org\springframework\spring-context\5.2.3.RELEASE\spring-context-5.2.3.RELEASE.jar;E:\javafile\maven\resposity\org\springframework\spring-core\5.2.3.RELEASE\spring-core-5.2.3.RELEASE.jar;E:\javafile\maven\resposity\org\springframework\spring-jcl\5.2.3.RELEASE\spring-jcl-5.2.3.RELEASE.jar;E:\javafile\maven\resposity\org\springframework\spring-expression\5.2.3.RELEASE\spring-expression-5.2.3.RELEASE.jar;E:\javafile\maven\resposity\org\springframework\spring-beans\5.2.3.RELEASE\spring-beans-5.2.3.RELEASE.jar;E:\javafile\maven\resposity\org\springframework\spring-tx\5.2.3.RELEASE\spring-tx-5.2.3.RELEASE.jar;E:\javafile\maven\resposity\org\springframework\spring-jdbc\5.2.3.RELEASE\spring-jdbc-5.2.3.RELEASE.jar;E:\javafile\maven\resposity\org\springframework\spring-aop\5.2.3.RELEASE\spring-aop-5.2.3.RELEASE.jar;E:\javafile\maven\resposity\aopalliance\aopalliance\1.0\aopalliance-1.0.jar;E:\javafile\maven\resposity\org\aspectj\aspectjrt\1.9.5\aspectjrt-1.9.5.jar;E:\javafile\maven\resposity\cglib\cglib\3.2.12\cglib-3.2.12.jar;E:\javafile\maven\resposity\org\ow2\asm\asm\7.1\asm-7.1.jar;E:\javafile\maven\resposity\org\aspectj\aspectjweaver\1.9.5\aspectjweaver-1.9.5.jar;E:\javafile\maven\resposity\org\springframework\spring-web\5.2.3.RELEASE\spring-web-5.2.3.RELEASE.jar;E:\javafile\maven\resposity\org\springframework\spring-webmvc\5.2.3.RELEASE\spring-webmvc-5.2.3.RELEASE.jar;E:\javafile\maven\resposity\javax\servlet\javax.servlet-api\4.0.1\javax.servlet-api-4.0.1.jar;E:\javafile\maven\resposity\javax\servlet\jstl\1.2\jstl-1.2.jar;E:\javafile\maven\resposity\taglibs\standard\1.1.2\standard-1.1.2.jar;E:\javafile\maven\resposity\org\hibernate\validator\hibernate-validator\6.1.0.Final\hibernate-validator-6.1.0.Final.jar;E:\javafile\maven\resposity\jakarta\validation\jakarta.validation-api\2.0.2\jakarta.validation-api-2.0.2.jar;E:\javafile\maven\resposity\org\jboss\logging\jboss-logging\3.3.2.Final\jboss-logging-3.3.2.Final.jar;E:\javafile\maven\resposity\com\fasterxml\classmate\1.3.4\classmate-1.3.4.jar;E:\javafile\maven\resposity\com\fasterxml\jackson\core\jackson-core\2.10.1\jackson-core-2.10.1.jar;E:\javafile\maven\resposity\com\fasterxml\jackson\core\jackson-databind\2.10.1\jackson-databind-2.10.1.jar;E:\javafile\maven\resposity\com\fasterxml\jackson\core\jackson-annotations\2.10.1\jackson-annotations-2.10.1.jar;E:\javafile\maven\resposity\commons-io\commons-io\2.4\commons-io-2.4.jar;E:\javafile\maven\resposity\commons-fileupload\commons-fileupload\1.3.3\commons-fileupload-1.3.3.jar;E:\javafile\maven\resposity\ch\qos\logback\logback-classic\1.2.3\logback-classic-1.2.3.jar;E:\javafile\maven\resposity\ch\qos\logback\logback-core\1.2.3\logback-core-1.2.3.jar;E:\javafile\maven\resposity\org\slf4j\slf4j-api\1.7.25\slf4j-api-1.7.25.jar;E:\javafile\maven\resposity\org\mybatis\mybatis\3.4.6\mybatis-3.4.6.jar;E:\javafile\maven\resposity\mysql\mysql-connector-java\8.0.19\mysql-connector-java-8.0.19.jar;E:\javafile\maven\resposity\com\google\protobuf\protobuf-java\3.6.1\protobuf-java-3.6.1.jar;E:\javafile\maven\resposity\com\mchange\c3p0\0.9.5.2\c3p0-0.9.5.2.jar;E:\javafile\maven\resposity\com\mchange\mchange-commons-java\0.2.11\mchange-commons-java-0.2.11.jar;E:\javafile\maven\resposity\com\github\pagehelper\pagehelper\5.1.11\pagehelper-5.1.11.jar;E:\javafile\maven\resposity\com\github\jsqlparser\jsqlparser\2.0\jsqlparser-2.0.jar;E:\javafile\maven\resposity\org\mybatis\mybatis-spring\2.0.3\mybatis-spring-2.0.3.jar;E:\javafile\maven\resposity\commons-dbutils\commons-dbutils\1.6\commons-dbutils-1.6.jar;E:\javafile\maven\resposity\commons-beanutils\commons-beanutils\1.9.4\commons-beanutils-1.9.4.jar;E:\javafile\maven\resposity\commons-logging\commons-logging\1.2\commons-logging-1.2.jar;E:\javafile\maven\resposity\commons-collections\commons-collections\3.2.2\commons-collections-3.2.2.jar;"/>
    <property name="java.vm.vendor" value="Oracle Corporation"/>
    <property name="sun.arch.data.model" value="64"/>
    <property name="user.variant" value=""/>
    <property name="java.vendor.url" value="http://java.oracle.com/"/>
    <property name="user.timezone" value="Asia/Shanghai"/>
    <property name="java.vm.specification.version" value="1.8"/>
    <property name="os.name" value="Windows 10"/>
    <property name="user.country" value="CN"/>
    <property name="sun.java.launcher" value="SUN_STANDARD"/>
    <property name="sun.boot.library.path" value="C:\Program Files\Java\jdk1.8.0_231\jre\bin"/>
    <property name="sun.java.command" value="C:\Users\Lofalt\AppData\Local\Temp\surefire7048647951970349321\surefirebooter3502434699357601840.jar C:\Users\Lofalt\AppData\Local\Temp\surefire7048647951970349321 2020-03-22T00-59-26_540-jvmRun1 surefire4991849380926706230tmp surefire_04646039954176812788tmp"/>
    <property name="surefire.test.class.path" value="E:\myblog\MyBlog\target\test-classes;E:\myblog\MyBlog\target\classes;E:\javafile\maven\resposity\junit\junit\4.12\junit-4.12.jar;E:\javafile\maven\resposity\org\hamcrest\hamcrest-core\1.3\hamcrest-core-1.3.jar;E:\javafile\maven\resposity\org\springframework\spring-test\5.2.3.RELEASE\spring-test-5.2.3.RELEASE.jar;E:\javafile\maven\resposity\org\springframework\spring-context\5.2.3.RELEASE\spring-context-5.2.3.RELEASE.jar;E:\javafile\maven\resposity\org\springframework\spring-core\5.2.3.RELEASE\spring-core-5.2.3.RELEASE.jar;E:\javafile\maven\resposity\org\springframework\spring-jcl\5.2.3.RELEASE\spring-jcl-5.2.3.RELEASE.jar;E:\javafile\maven\resposity\org\springframework\spring-expression\5.2.3.RELEASE\spring-expression-5.2.3.RELEASE.jar;E:\javafile\maven\resposity\org\springframework\spring-beans\5.2.3.RELEASE\spring-beans-5.2.3.RELEASE.jar;E:\javafile\maven\resposity\org\springframework\spring-tx\5.2.3.RELEASE\spring-tx-5.2.3.RELEASE.jar;E:\javafile\maven\resposity\org\springframework\spring-jdbc\5.2.3.RELEASE\spring-jdbc-5.2.3.RELEASE.jar;E:\javafile\maven\resposity\org\springframework\spring-aop\5.2.3.RELEASE\spring-aop-5.2.3.RELEASE.jar;E:\javafile\maven\resposity\aopalliance\aopalliance\1.0\aopalliance-1.0.jar;E:\javafile\maven\resposity\org\aspectj\aspectjrt\1.9.5\aspectjrt-1.9.5.jar;E:\javafile\maven\resposity\cglib\cglib\3.2.12\cglib-3.2.12.jar;E:\javafile\maven\resposity\org\ow2\asm\asm\7.1\asm-7.1.jar;E:\javafile\maven\resposity\org\aspectj\aspectjweaver\1.9.5\aspectjweaver-1.9.5.jar;E:\javafile\maven\resposity\org\springframework\spring-web\5.2.3.RELEASE\spring-web-5.2.3.RELEASE.jar;E:\javafile\maven\resposity\org\springframework\spring-webmvc\5.2.3.RELEASE\spring-webmvc-5.2.3.RELEASE.jar;E:\javafile\maven\resposity\javax\servlet\javax.servlet-api\4.0.1\javax.servlet-api-4.0.1.jar;E:\javafile\maven\resposity\javax\servlet\jstl\1.2\jstl-1.2.jar;E:\javafile\maven\resposity\taglibs\standard\1.1.2\standard-1.1.2.jar;E:\javafile\maven\resposity\org\hibernate\validator\hibernate-validator\6.1.0.Final\hibernate-validator-6.1.0.Final.jar;E:\javafile\maven\resposity\jakarta\validation\jakarta.validation-api\2.0.2\jakarta.validation-api-2.0.2.jar;E:\javafile\maven\resposity\org\jboss\logging\jboss-logging\3.3.2.Final\jboss-logging-3.3.2.Final.jar;E:\javafile\maven\resposity\com\fasterxml\classmate\1.3.4\classmate-1.3.4.jar;E:\javafile\maven\resposity\com\fasterxml\jackson\core\jackson-core\2.10.1\jackson-core-2.10.1.jar;E:\javafile\maven\resposity\com\fasterxml\jackson\core\jackson-databind\2.10.1\jackson-databind-2.10.1.jar;E:\javafile\maven\resposity\com\fasterxml\jackson\core\jackson-annotations\2.10.1\jackson-annotations-2.10.1.jar;E:\javafile\maven\resposity\commons-io\commons-io\2.4\commons-io-2.4.jar;E:\javafile\maven\resposity\commons-fileupload\commons-fileupload\1.3.3\commons-fileupload-1.3.3.jar;E:\javafile\maven\resposity\ch\qos\logback\logback-classic\1.2.3\logback-classic-1.2.3.jar;E:\javafile\maven\resposity\ch\qos\logback\logback-core\1.2.3\logback-core-1.2.3.jar;E:\javafile\maven\resposity\org\slf4j\slf4j-api\1.7.25\slf4j-api-1.7.25.jar;E:\javafile\maven\resposity\org\mybatis\mybatis\3.4.6\mybatis-3.4.6.jar;E:\javafile\maven\resposity\mysql\mysql-connector-java\8.0.19\mysql-connector-java-8.0.19.jar;E:\javafile\maven\resposity\com\google\protobuf\protobuf-java\3.6.1\protobuf-java-3.6.1.jar;E:\javafile\maven\resposity\com\mchange\c3p0\0.9.5.2\c3p0-0.9.5.2.jar;E:\javafile\maven\resposity\com\mchange\mchange-commons-java\0.2.11\mchange-commons-java-0.2.11.jar;E:\javafile\maven\resposity\com\github\pagehelper\pagehelper\5.1.11\pagehelper-5.1.11.jar;E:\javafile\maven\resposity\com\github\jsqlparser\jsqlparser\2.0\jsqlparser-2.0.jar;E:\javafile\maven\resposity\org\mybatis\mybatis-spring\2.0.3\mybatis-spring-2.0.3.jar;E:\javafile\maven\resposity\commons-dbutils\commons-dbutils\1.6\commons-dbutils-1.6.jar;E:\javafile\maven\resposity\commons-beanutils\commons-beanutils\1.9.4\commons-beanutils-1.9.4.jar;E:\javafile\maven\resposity\commons-logging\commons-logging\1.2\commons-logging-1.2.jar;E:\javafile\maven\resposity\commons-collections\commons-collections\3.2.2\commons-collections-3.2.2.jar;"/>
    <property name="sun.cpu.endian" value="little"/>
    <property name="user.home" value="C:\Users\Lofalt"/>
    <property name="user.language" value="zh"/>
    <property name="java.specification.vendor" value="Oracle Corporation"/>
    <property name="java.home" value="C:\Program Files\Java\jdk1.8.0_231\jre"/>
    <property name="basedir" value="E:\myblog\MyBlog"/>
    <property name="file.separator" value="\"/>
    <property name="line.separator" value="&#10;"/>
    <property name="java.vm.specification.vendor" value="Oracle Corporation"/>
    <property name="java.specification.name" value="Java Platform API Specification"/>
    <property name="java.awt.graphicsenv" value="sun.awt.Win32GraphicsEnvironment"/>
    <property name="surefire.real.class.path" value="C:\Users\Lofalt\AppData\Local\Temp\surefire7048647951970349321\surefirebooter3502434699357601840.jar"/>
    <property name="sun.boot.class.path" value="C:\Program Files\Java\jdk1.8.0_231\jre\lib\resources.jar;C:\Program Files\Java\jdk1.8.0_231\jre\lib\rt.jar;C:\Program Files\Java\jdk1.8.0_231\jre\lib\sunrsasign.jar;C:\Program Files\Java\jdk1.8.0_231\jre\lib\jsse.jar;C:\Program Files\Java\jdk1.8.0_231\jre\lib\jce.jar;C:\Program Files\Java\jdk1.8.0_231\jre\lib\charsets.jar;C:\Program Files\Java\jdk1.8.0_231\jre\lib\jfr.jar;C:\Program Files\Java\jdk1.8.0_231\jre\classes"/>
    <property name="user.script" value=""/>
    <property name="sun.management.compiler" value="HotSpot 64-Bit Tiered Compilers"/>
    <property name="java.runtime.version" value="1.8.0_231-b11"/>
    <property name="user.name" value="Lofalt"/>
    <property name="path.separator" value=";"/>
    <property name="os.version" value="10.0"/>
    <property name="java.endorsed.dirs" value="C:\Program Files\Java\jdk1.8.0_231\jre\lib\endorsed"/>
    <property name="java.runtime.name" value="Java(TM) SE Runtime Environment"/>
    <property name="file.encoding" value="GBK"/>
    <property name="java.vm.name" value="Java HotSpot(TM) 64-Bit Server VM"/>
    <property name="localRepository" value="E:\javafile\maven\resposity"/>
    <property name="java.vendor.url.bug" value="http://bugreport.sun.com/bugreport/"/>
    <property name="java.io.tmpdir" value="C:\Users\Lofalt\AppData\Local\Temp\"/>
    <property name="java.version" value="1.8.0_231"/>
    <property name="user.dir" value="E:\myblog\MyBlog"/>
    <property name="os.arch" value="amd64"/>
    <property name="java.vm.specification.name" value="Java Virtual Machine Specification"/>
    <property name="java.awt.printerjob" value="sun.awt.windows.WPrinterJob"/>
    <property name="sun.os.patch.level" value=""/>
    <property name="idea.version2019.3.3" value="true"/>
    <property name="java.library.path" value="C:\Program Files\Java\jdk1.8.0_231\jre\bin;C:\Windows\Sun\Java\bin;C:\Windows\system32;C:\Windows;C:\Program Files (x86)\NetSarang\Xshell 6\;C:\Windows\system32;C:\Windows;C:\Windows\System32\Wbem;C:\Windows\System32\WindowsPowerShell\v1.0\;C:\Windows\System32\OpenSSH\;C:\Program Files (x86)\NVIDIA Corporation\PhysX\Common;C:\Program Files\NVIDIA Corporation\NVIDIA NvDLISR;C:\Program Files (x86)\Git\cmd;C:\Program Files\nodejs\;C:\Go\bin;C:\Program Files\MySQL\MySQL Shell 8.0\bin\;C:\Users\Lofalt\AppData\Local\Programs\Python\Python37\Scripts\;C:\Users\Lofalt\AppData\Local\Programs\Python\Python37\;C:\Users\Lofalt\AppData\Local\Microsoft\WindowsApps;C:\Program Files\Java\jdk1.8.0_231\bin;G:\mingw64\bin;C:\Program Files\MySQL\MySQL Server 8.0\bin;D:\各种软件\ffmpeg-20180605-b748772-win64-static\bin;C:\Program Files\JetBrains\IntelliJ IDEA 2019.3.3\bin;;C:\Users\Lofalt\AppData\Local\Programs\Microsoft VS Code\bin;C:\Users\Lofalt\AppData\Roaming\npm;E:\Go\bin;E:\javafile\nginx-1.17.9;;."/>
    <property name="java.vm.info" value="mixed mode"/>
    <property name="java.vendor" value="Oracle Corporation"/>
    <property name="java.vm.version" value="25.231-b11"/>
    <property name="java.ext.dirs" value="C:\Program Files\Java\jdk1.8.0_231\jre\lib\ext;C:\Windows\Sun\Java\lib\ext"/>
    <property name="sun.io.unicode.encoding" value="UnicodeLittle"/>
    <property name="maven.repo.local" value="E:\javafile\maven\resposity"/>
    <property name="java.class.version" value="52.0"/>
  </properties>
  <testcase name="test1" classname="UnitTest" time="0.013"/>
  <testcase name="test3" classname="UnitTest" time="0.664"/>
  <testcase name="test4" classname="UnitTest" time="0.222"/>
</testsuite>